<?xml version="1.0" encoding="UTF-8"?>
<!-- Generated by org.testng.reporters.JUnitReportReporter -->
<testsuite skipped="0" hostname="DESKTOP-KSPT2ON" name="TestNGTesting.TestNGbasics2" tests="1" failures="0" timestamp="2020-05-24T18:04:08 PDT" time="0.001" errors="0">
  <testcase name="ploan" time="0.001" classname="TestNGTesting.TestNGbasics2"/>
  <system-out/>
</testsuite> <!-- TestNGTesting.TestNGbasics2 -->
