<?xml version="1.0" encoding="UTF-8"?>
<!-- Generated by org.testng.reporters.JUnitReportReporter -->
<testsuite skipped="1" hostname="DESKTOP-KSPT2ON" name="TestNGTesting.TestNGbasics3" tests="6" failures="0" timestamp="2020-05-24T18:04:08 PDT" time="0.008" errors="0">
  <testcase name="WebloginCarLoan" time="0.000" classname="TestNGTesting.TestNGbasics3"/>
  <system-out/>
  <testcase name="MobilesignoutCarLoan" time="0.004" classname="TestNGTesting.TestNGbasics3"/>
  <system-out/>
  <testcase name="MobileloginCarLoan" time="0.002" classname="TestNGTesting.TestNGbasics3"/>
  <system-out/>
  <testcase name="MobileloginCarLoan" time="0.001" classname="TestNGTesting.TestNGbasics3"/>
  <system-out/>
  <testcase name="MobileloginCarLoan" time="0.001" classname="TestNGTesting.TestNGbasics3"/>
  <system-out/>
  <testcase name="MobilesigninCarLoan" classname="TestNGTesting.TestNGbasics3">
    <skipped/>
  </testcase> <!-- MobilesigninCarLoan -->
  <system-out/>
</testsuite> <!-- TestNGTesting.TestNGbasics3 -->
