<?xml version="1.0" encoding="UTF-8"?>
<!-- Generated by org.testng.reporters.JUnitReportReporter -->
<testsuite skipped="0" hostname="DESKTOP-KSPT2ON" name="TestNGTesting.TestNGbasics" tests="1" failures="0" timestamp="2020-05-24T18:04:08 PDT" time="0.005" errors="0">
  <testcase name="Demo" time="0.005" classname="TestNGTesting.TestNGbasics"/>
  <system-out/>
</testsuite> <!-- TestNGTesting.TestNGbasics -->
