<?xml version="1.0" encoding="UTF-8"?>
<!-- Generated by org.testng.reporters.JUnitReportReporter -->
<testsuite skipped="0" hostname="DESKTOP-KSPT2ON" name="TestNGTesting.TestNGbasics4" tests="3" failures="0" timestamp="2020-05-24T18:04:08 PDT" time="0.002" errors="0">
  <testcase name="WebloginHomeLoan" time="0.001" classname="TestNGTesting.TestNGbasics4"/>
  <system-out/>
  <testcase name="MobileloginHomeLoan" time="0.001" classname="TestNGTesting.TestNGbasics4"/>
  <system-out/>
  <testcase name="APIloginHomeLoan" time="0.000" classname="TestNGTesting.TestNGbasics4"/>
  <system-out/>
</testsuite> <!-- TestNGTesting.TestNGbasics4 -->
