<?xml version="1.0" encoding="UTF-8"?>
<!-- Generated by org.testng.reporters.JUnitReportReporter -->
<testsuite skipped="0" hostname="DESKTOP-KSPT2ON" name="FV_Project.QlikStyling.RestAPITest" tests="1" failures="0" timestamp="26 May 2020 04:16:15 GMT" time="0.003" errors="0">
  <testcase name="RAPIKey" time="0.003" classname="FV_Project.QlikStyling.RestAPITest"/>
</testsuite> <!-- FV_Project.QlikStyling.RestAPITest -->
