<?xml version="1.0" encoding="UTF-8"?>
<!-- Generated by org.testng.reporters.JUnitReportReporter -->
<testsuite skipped="0" hostname="DESKTOP-KSPT2ON" name="FV_Project.QlikStyling.SeleniumTest" tests="2" failures="0" timestamp="26 May 2020 04:13:37 GMT" time="24.022" errors="0">
  <testcase name="TestingOpen2" time="11.612" classname="FV_Project.QlikStyling.SeleniumTest"/>
  <testcase name="TestingOpen1" time="12.410" classname="FV_Project.QlikStyling.SeleniumTest"/>
</testsuite> <!-- FV_Project.QlikStyling.SeleniumTest -->
