<?xml version="1.0" encoding="UTF-8"?>
<!-- Generated by org.testng.reporters.JUnitReportReporter -->
<testsuite skipped="0" hostname="DESKTOP-KSPT2ON" name="TestPackage.TestAmazon" tests="1" failures="0" timestamp="25 May 2020 17:43:13 GMT" time="14.425" errors="0">
  <testcase name="OpenWebPage" time="14.425" classname="TestPackage.TestAmazon"/>
</testsuite> <!-- TestPackage.TestAmazon -->
