<?xml version="1.0" encoding="UTF-8"?>
<!-- Generated by org.testng.reporters.JUnitReportReporter -->
<testsuite skipped="0" hostname="DESKTOP-KSPT2ON" name="FV_Project.QlikStyling.SeleniumTest" tests="2" failures="0" timestamp="2020-05-25T20:06:57 PDT" time="30.198" errors="0">
  <testcase name="TestingOpen2" time="14.645" classname="FV_Project.QlikStyling.SeleniumTest"/>
  <system-out/>
  <testcase name="TestingOpen1" time="15.553" classname="FV_Project.QlikStyling.SeleniumTest"/>
  <system-out/>
</testsuite> <!-- FV_Project.QlikStyling.SeleniumTest -->
