<?xml version="1.0" encoding="UTF-8"?>
<!-- Generated by org.testng.reporters.JUnitReportReporter -->
<testsuite skipped="0" hostname="DESKTOP-KSPT2ON" name="FV_Project.QlikStyling.RestAPITest" tests="1" failures="0" timestamp="2020-05-25T20:06:57 PDT" time="0.002" errors="0">
  <testcase name="RAPIKey" time="0.002" classname="FV_Project.QlikStyling.RestAPITest"/>
  <system-out/>
</testsuite> <!-- FV_Project.QlikStyling.RestAPITest -->
